 Episode     MeanReward     MeanLength       MeanLoss      TimeDelta                Time
       2       -596.679        972.000          6.769        142.393 2022-11-03T01:37:23
       3       -713.243        972.000          4.523        132.900 2022-11-03T01:39:36
       4       -647.728        972.000          3.738        125.997 2022-11-03T01:41:42
       5       -602.785        972.000          3.337        121.948 2022-11-03T01:43:43
       6       -531.679        972.000          3.090        117.339 2022-11-03T01:45:41
       7       -555.624        972.000          2.900        190.549 2022-11-03T01:48:51
       8       -626.694        972.000          2.756        130.682 2022-11-03T01:51:02
       9       -628.292        972.000          2.638        121.484 2022-11-03T01:53:04
      10       -875.696        972.000          2.547        216.463 2022-11-03T01:56:40
      11       -863.720        972.000          2.478        127.833 2022-11-03T01:58:48
      12       -824.923        972.000          1.976        122.296 2022-11-03T02:00:50
      13       -744.376        972.000          1.930        116.902 2022-11-03T02:02:47
      14       -855.360        972.000          1.893        168.026 2022-11-03T02:05:35
      15       -883.918        972.000          1.862        131.858 2022-11-03T02:07:47
      16       -917.643        972.000          1.829        124.158 2022-11-03T02:09:51
      17       -867.806        972.000          1.815        118.910 2022-11-03T02:11:50
      18       -819.758        972.000          1.803        186.448 2022-11-03T02:14:56
      19       -816.688        972.000          1.796        130.170 2022-11-03T02:17:07
      20       -582.327        972.000          1.791        122.997 2022-11-03T02:19:10
      21       -527.940        972.000          1.780        117.698 2022-11-03T02:21:07
      22       -562.122        972.000          1.774        179.895 2022-11-03T02:24:07
      23       -592.034        972.000          1.772        133.901 2022-11-03T02:26:21
      24       -480.345        972.000          1.769        127.151 2022-11-03T02:28:28
      25       -434.713        972.000          1.755        123.807 2022-11-03T02:30:32
      26       -395.940        972.000          1.755        117.730 2022-11-03T02:32:30
      27       -435.840        972.000          1.748        172.901 2022-11-03T02:35:23
      28       -413.836        972.000          1.743        132.441 2022-11-03T02:37:35
      29       -385.119        972.000          1.747        125.302 2022-11-03T02:39:40
      30       -368.709        972.000          1.751        119.765 2022-11-03T02:41:40
      31       -422.964        972.000          1.759        231.284 2022-11-03T02:45:31
      32       -403.831        972.000          1.767        130.332 2022-11-03T02:47:42
      33       -398.196        972.000          1.766        124.114 2022-11-03T02:49:46
      34       -375.937        972.000          1.767        118.721 2022-11-03T02:51:45
      35       -403.657        972.000          1.781        238.823 2022-11-03T02:55:43
      36       -433.953        972.000          1.779        130.591 2022-11-03T02:57:54
      37       -427.974        972.000          1.783        125.052 2022-11-03T02:59:59
      38       -423.045        972.000          1.792        120.260 2022-11-03T03:01:59
      39       -429.923        972.000          1.796        213.858 2022-11-03T03:05:33
      40       -438.202        972.000          1.792        131.743 2022-11-03T03:07:45
      41       -426.221        972.000          1.793        127.096 2022-11-03T03:09:52
      42       -423.738        972.000          1.799        122.063 2022-11-03T03:11:54
      43       -466.034        972.000          1.806        242.377 2022-11-03T03:15:57
      44       -475.579        972.000          1.811        129.965 2022-11-03T03:18:06
      45       -459.487        972.000          1.820        122.652 2022-11-03T03:20:09
      46       -440.386        972.000          1.827        120.535 2022-11-03T03:22:10
      47       -433.532        972.000          1.835        205.433 2022-11-03T03:25:35
      48       -431.214        972.000          1.836        131.083 2022-11-03T03:27:46
      49       -425.381        972.000          1.833        126.726 2022-11-03T03:29:53
      50       -431.559        972.000          1.842        122.056 2022-11-03T03:31:55
      51       -389.549        972.000          1.841        120.327 2022-11-03T03:33:55
      52       -433.330        972.000          1.843        184.621 2022-11-03T03:37:00
      53       -388.190        972.000          1.846        131.218 2022-11-03T03:39:11
      54       -394.426        972.000          1.846        126.446 2022-11-03T03:41:18
      55       -397.207        972.000          1.847        121.207 2022-11-03T03:43:19
      56       -389.709        972.000          1.850        118.184 2022-11-03T03:45:17
      57       -408.237        972.000          1.851        153.093 2022-11-03T03:47:50
      58       -423.026        972.000          1.854        130.415 2022-11-03T03:50:00
      59       -425.475        972.000          1.864        122.473 2022-11-03T03:52:03
      60       -404.018        972.000          1.866        120.964 2022-11-03T03:54:04
      61       -457.402        972.000          1.867        177.945 2022-11-03T03:57:02
      62       -413.024        972.000          1.872        134.542 2022-11-03T03:59:16
      63       -425.867        972.000          1.867        127.894 2022-11-03T04:01:24
      64       -433.780        972.000          1.866        122.131 2022-11-03T04:03:26
      65       -474.901        972.000          1.857        255.461 2022-11-03T04:07:42
      66       -474.824        972.000          1.859        128.905 2022-11-03T04:09:51
      67       -446.041        972.000          1.861        126.223 2022-11-03T04:11:57
      68       -447.149        972.000          1.864        120.758 2022-11-03T04:13:58
      69       -487.843        972.000          1.863        240.499 2022-11-03T04:17:58
      70       -487.120        972.000          1.867        129.596 2022-11-03T04:20:08
      71       -465.113        972.000          1.868        126.375 2022-11-03T04:22:14
      72       -475.845        972.000          1.870        121.109 2022-11-03T04:24:15
      73       -524.292        972.000          1.874        216.766 2022-11-03T04:27:52
      74       -516.844        972.000          1.885        131.649 2022-11-03T04:30:04
